2023-08-09 10:26:34,098 ERROR c.i.i.c.k.KafkaConstants [main] Config file not found!
2023-08-09 10:26:34,102 ERROR c.i.i.c.k.KafkaConstants [main] Config file not found!
2023-08-09 10:26:34,102 ERROR c.i.i.c.k.KafkaConstants [main] Config file not found!
2023-08-09 10:28:25,261 INFO c.i.i.c.k.c.PublisherController [main] Producer created.
2023-08-09 10:28:26,808 INFO c.i.i.c.k.m.UsageMessageSerializer [main] Serializing...
2023-08-09 10:28:27,726 INFO c.i.i.c.k.c.PublisherController [kafka-producer-network-thread | i2iGroup] Message sent: MSISDN:5321234567, Used Amount: 50, Used Service: data, Price: 100, UID: 2, Partition: 0, Offset: 3614
2023-08-09 10:32:06,170 INFO c.i.i.c.k.c.PublisherController [main] Producer created.
2023-08-09 10:32:07,309 INFO c.i.i.c.k.m.UsageMessageSerializer [main] Serializing...
2023-08-09 10:32:21,606 INFO c.i.i.c.k.c.PublisherController [main] Producer created.
2023-08-09 10:32:22,766 INFO c.i.i.c.k.m.UsageMessageSerializer [main] Serializing...
2023-08-09 10:32:47,817 INFO c.i.i.c.k.c.PublisherController [main] Producer created.
2023-08-09 10:32:48,982 INFO c.i.i.c.k.m.UsageMessageSerializer [main] Serializing...
2023-08-09 10:33:10,870 INFO c.i.i.c.k.c.PublisherController [main] Producer created.
2023-08-09 10:33:12,017 INFO c.i.i.c.k.m.UsageMessageSerializer [main] Serializing...
2023-08-09 10:33:12,911 INFO c.i.i.c.k.c.PublisherController [kafka-producer-network-thread | i2iGroup] Message sent: MSISDN:5321234567, Used Amount: 50, Used Service: voice, Price: 54, UID: 6, Partition: 0, Offset: 3615
2023-08-09 10:37:17,765 INFO c.i.i.c.k.c.PublisherController [main] Producer created.
2023-08-09 10:37:19,154 INFO c.i.i.c.k.m.UsageMessageSerializer [main] Serializing...
2023-08-09 10:37:20,113 INFO c.i.i.c.k.c.PublisherController [kafka-producer-network-thread | i2iGroup] Message sent: MSISDN:5321234567, Used Amount: 50, Used Service: voice, Price: 54, UID: 422, Partition: 0, Offset: 3616
2023-08-09 10:38:01,010 INFO c.i.i.c.k.c.PublisherController [main] Producer created.
2023-08-09 10:38:02,221 INFO c.i.i.c.k.m.UsageMessageSerializer [main] Serializing...
2023-08-09 10:38:02,944 INFO c.i.i.c.k.c.PublisherController [kafka-producer-network-thread | i2iGroup] Message sent: MSISDN:5321234567, Used Amount: 50, Used Service: voice, Price: 54, UID: 422, Partition: 0, Offset: 3617
2023-08-09 10:38:55,067 INFO c.i.i.c.k.c.PublisherController [main] Producer created.
2023-08-09 10:38:56,247 INFO c.i.i.c.k.m.UsageMessageSerializer [main] Serializing...
2023-08-09 10:38:57,395 INFO c.i.i.c.k.c.PublisherController [kafka-producer-network-thread | i2iGroup] Message sent: MSISDN:5321234567, Used Amount: 50, Used Service: voice, Price: 54, UID: 422, Partition: 0, Offset: 3618
2023-08-09 10:42:16,398 INFO c.i.i.c.k.c.PublisherController [main] Producer created.
2023-08-09 10:42:17,714 INFO c.i.i.c.k.m.UsageMessageSerializer [main] Serializing...
2023-08-09 10:42:19,361 INFO c.i.i.c.k.c.PublisherController [kafka-producer-network-thread | i2iGroup] Message sent: MSISDN:5321234567, Used Amount: 50, Used Service: voice, Price: 54, UID: 422, Partition: 0, Offset: 3619
2023-08-09 10:44:41,852 INFO c.i.i.c.k.c.PublisherController [main] Producer created.
2023-08-09 10:44:43,041 INFO c.i.i.c.k.m.UsageMessageSerializer [main] Serializing...
2023-08-09 10:44:43,965 INFO c.i.i.c.k.c.PublisherController [kafka-producer-network-thread | i2iGroup] Message sent: MSISDN:5321234567, Used Amount: 50, Used Service: data, Price: 54, UID: 422, Partition: 0, Offset: 3620
2023-08-09 10:47:06,555 INFO c.i.i.c.k.c.PublisherController [main] Producer created.
2023-08-09 10:47:07,807 INFO c.i.i.c.k.m.UsageMessageSerializer [main] Serializing...
2023-08-09 10:47:08,731 INFO c.i.i.c.k.c.PublisherController [kafka-producer-network-thread | i2iGroup] Message sent: MSISDN:5321234567, Used Amount: 50, Used Service: data, Price: 54, UID: 422, Partition: 0, Offset: 3621
2023-08-09 10:48:04,690 INFO c.i.i.c.k.c.PublisherController [main] Producer created.
2023-08-09 10:48:05,772 INFO c.i.i.c.k.m.UsageMessageSerializer [main] Serializing...
2023-08-09 10:48:06,686 INFO c.i.i.c.k.c.PublisherController [kafka-producer-network-thread | i2iGroup] Message sent: MSISDN:5368685624, Used Amount: 50, Used Service: data, Price: 54, UID: 422, Partition: 0, Offset: 3622
2023-08-09 10:48:55,396 INFO c.i.i.c.k.c.PublisherController [main] Producer created.
2023-08-09 10:48:56,560 INFO c.i.i.c.k.m.UsageMessageSerializer [main] Serializing...
2023-08-09 10:48:57,478 INFO c.i.i.c.k.c.PublisherController [kafka-producer-network-thread | i2iGroup] Message sent: MSISDN:5368685624, Used Amount: 50, Used Service: voice, Price: 54, UID: 422, Partition: 0, Offset: 3623
2023-08-09 10:49:50,247 INFO c.i.i.c.k.c.PublisherController [main] Producer created.
2023-08-09 10:49:52,167 INFO c.i.i.c.k.m.UsageMessageSerializer [main] Serializing...
2023-08-09 10:49:53,302 INFO c.i.i.c.k.c.PublisherController [kafka-producer-network-thread | i2iGroup] Message sent: MSISDN:5368685624, Used Amount: 0, Used Service: wallet, Price: 100, UID: 422, Partition: 0, Offset: 3624
2023-08-09 10:50:56,964 INFO c.i.i.c.k.c.PublisherController [main] Producer created.
2023-08-09 10:50:58,356 INFO c.i.i.c.k.m.UsageMessageSerializer [main] Serializing...
2023-08-09 10:50:59,430 INFO c.i.i.c.k.c.PublisherController [kafka-producer-network-thread | i2iGroup] Message sent: MSISDN:5368685624, Used Amount: 0, Used Service: wallet, Price: 1000, UID: 422, Partition: 0, Offset: 3625
2023-08-09 10:59:41,493 INFO c.i.i.c.k.c.PublisherController [main] Producer created.
2023-08-09 10:59:42,268 INFO c.i.i.c.k.m.UsageMessageSerializer [main] Serializing...
2023-08-09 11:00:04,946 INFO c.i.i.c.k.c.PublisherController [main] Producer created.
2023-08-09 11:00:05,875 INFO c.i.i.c.k.m.UsageMessageSerializer [main] Serializing...
2023-08-09 11:00:06,470 INFO c.i.i.c.k.c.PublisherController [kafka-producer-network-thread | i2iGroup] Message sent: MSISDN:5368685624, Used Amount: 0, Used Service: wallet, Price: 1000, UID: 422, Partition: 0, Offset: 3626
2023-08-09 21:47:59,078 INFO c.i.i.c.k.c.PublisherController [main] Producer created.
2023-08-09 21:48:00,283 INFO c.i.i.c.k.m.UsageMessageSerializer [main] Serializing...
2023-08-09 21:49:29,612 INFO c.i.i.c.k.c.PublisherController [main] Producer created.
2023-08-09 21:49:30,546 INFO c.i.i.c.k.m.UsageMessageSerializer [main] Serializing...
2023-08-09 21:54:54,315 INFO c.i.i.c.k.c.PublisherController [main] Producer created.
2023-08-09 21:54:55,788 INFO c.i.i.c.k.m.UsageMessageSerializer [main] Serializing...
2023-08-10 09:07:06,250 INFO c.i.i.c.k.c.PublisherController [main] Producer created.
2023-08-10 09:07:07,900 INFO c.i.i.c.k.m.UsageMessageSerializer [main] Serializing...
2023-08-10 09:07:41,194 INFO c.i.i.c.k.c.PublisherController [main] Producer created.
2023-08-10 09:07:42,409 INFO c.i.i.c.k.m.UsageMessageSerializer [main] Serializing...
2023-08-10 09:08:27,681 INFO c.i.i.c.k.c.PublisherController [main] Producer created.
2023-08-10 09:08:28,702 INFO c.i.i.c.k.m.UsageMessageSerializer [main] Serializing...
2023-08-10 09:09:03,176 INFO c.i.i.c.k.c.PublisherController [main] Producer created.
2023-08-10 09:09:04,520 INFO c.i.i.c.k.m.UsageMessageSerializer [main] Serializing...
2023-08-10 09:10:07,042 INFO c.i.i.c.k.c.PublisherController [main] Producer created.
2023-08-10 09:10:21,541 INFO c.i.i.c.k.c.PublisherController [main] Producer created.
2023-08-10 09:10:36,311 INFO c.i.i.c.k.c.PublisherController [main] Producer created.
2023-08-10 09:10:37,781 INFO c.i.i.c.k.m.UsageMessageSerializer [main] Serializing...
2023-08-10 09:15:05,057 INFO c.i.i.c.k.c.PublisherController [main] Producer created.
2023-08-10 09:15:06,305 INFO c.i.i.c.k.m.UsageMessageSerializer [main] Serializing...
2023-08-10 09:15:50,544 INFO c.i.i.c.k.c.PublisherController [main] Producer created.
2023-08-10 09:15:52,010 INFO c.i.i.c.k.m.UsageMessageSerializer [main] Serializing...
2023-08-10 09:16:31,415 INFO c.i.i.c.k.c.PublisherController [main] Producer created.
2023-08-10 09:16:32,708 INFO c.i.i.c.k.m.UsageMessageSerializer [main] Serializing...
2023-08-10 09:23:51,203 INFO c.i.i.c.k.c.PublisherController [main] Producer created.
2023-08-10 09:23:52,519 INFO c.i.i.c.k.m.UsageMessageSerializer [main] Serializing...
2023-08-10 09:34:36,882 INFO c.i.i.c.k.c.PublisherController [main] Producer created.
2023-08-10 09:34:38,069 INFO c.i.i.c.k.m.UsageMessageSerializer [main] Serializing...
2023-08-10 10:23:57,869 INFO c.i.i.c.k.c.PublisherController [main] Producer created.
2023-08-10 10:23:58,882 INFO c.i.i.c.k.m.UsageMessageSerializer [main] Serializing...
2023-08-10 10:24:18,981 INFO c.i.i.c.k.c.PublisherController [main] Producer created.
2023-08-10 10:24:20,276 INFO c.i.i.c.k.m.UsageMessageSerializer [main] Serializing...
2023-08-10 10:30:13,736 INFO c.i.i.c.k.c.PublisherController [main] Producer created.
2023-08-10 10:30:15,124 INFO c.i.i.c.k.m.UsageMessageSerializer [main] Serializing...
2023-08-10 10:32:18,597 INFO c.i.i.c.k.c.PublisherController [main] Producer created.
2023-08-10 10:32:19,730 INFO c.i.i.c.k.m.UsageMessageSerializer [main] Serializing...
2023-08-10 10:35:54,404 INFO c.i.i.c.k.c.PublisherController [main] Producer created.
2023-08-10 10:35:55,591 INFO c.i.i.c.k.m.UsageMessageSerializer [main] Serializing...
2023-08-10 10:37:10,673 INFO c.i.i.c.k.c.PublisherController [main] Producer created.
2023-08-10 10:37:12,011 INFO c.i.i.c.k.m.UsageMessageSerializer [main] Serializing...
2023-08-10 10:37:45,741 INFO c.i.i.c.k.c.PublisherController [main] Producer created.
2023-08-10 10:37:47,304 INFO c.i.i.c.k.m.UsageMessageSerializer [main] Serializing...
2023-08-10 10:38:20,564 INFO c.i.i.c.k.c.PublisherController [main] Producer created.
2023-08-10 10:38:21,497 INFO c.i.i.c.k.m.UsageMessageSerializer [main] Serializing...
2023-08-10 12:50:14,211 INFO c.i.i.c.k.c.PublisherController [main] Producer created.
2023-08-10 12:50:44,223 INFO c.i.i.c.k.c.PublisherController [main] Message sent: MSISDN:5368685624, Used Amount: 654, Used Service: data, Price: 0, UID: 345, Partition: -1, Offset: -1
2023-08-10 12:54:36,438 INFO c.i.i.c.k.c.PublisherController [main] Producer created.
2023-08-10 12:55:06,445 INFO c.i.i.c.k.c.PublisherController [main] Message sent: MSISDN:5368685624, Used Amount: 654, Used Service: data, Price: 0, UID: 345, Partition: -1, Offset: -1
2023-08-10 12:55:14,182 INFO c.i.i.c.k.c.PublisherController [main] Producer created.
2023-08-10 12:55:15,010 INFO c.i.i.c.k.m.UsageMessageSerializer [main] Serializing...
2023-08-10 13:03:43,273 INFO c.i.i.c.k.c.PublisherController [main] Producer created.
2023-08-10 13:03:44,086 INFO c.i.i.c.k.m.UsageMessageSerializer [main] Serializing...
2023-08-10 13:04:33,374 INFO c.i.i.c.k.c.PublisherController [main] Producer created.
2023-08-10 13:04:34,132 INFO c.i.i.c.k.m.UsageMessageSerializer [main] Serializing...
2023-08-10 13:05:03,240 INFO c.i.i.c.k.c.PublisherController [main] Producer created.
2023-08-10 13:05:04,030 INFO c.i.i.c.k.m.UsageMessageSerializer [main] Serializing...
2023-08-10 13:08:23,638 INFO c.i.i.c.k.c.PublisherController [main] Producer created.
2023-08-10 13:08:24,406 INFO c.i.i.c.k.m.UsageMessageSerializer [main] Serializing...
2023-08-10 13:09:21,014 INFO c.i.i.c.k.c.PublisherController [main] Producer created.
2023-08-10 13:09:21,801 INFO c.i.i.c.k.m.UsageMessageSerializer [main] Serializing...
2023-08-10 13:23:06,377 INFO c.i.i.c.k.c.PublisherController [main] Producer created.
2023-08-10 13:23:07,167 INFO c.i.i.c.k.m.UsageMessageSerializer [main] Serializing...
2023-08-10 13:24:49,921 INFO c.i.i.c.k.c.PublisherController [main] Producer created.
2023-08-10 13:24:50,689 INFO c.i.i.c.k.m.UsageMessageSerializer [main] Serializing...
2023-08-10 13:25:19,215 INFO c.i.i.c.k.c.PublisherController [main] Producer created.
2023-08-10 13:25:19,960 INFO c.i.i.c.k.m.UsageMessageSerializer [main] Serializing...
2023-08-10 13:25:44,232 INFO c.i.i.c.k.c.PublisherController [main] Producer created.
2023-08-10 13:25:44,972 INFO c.i.i.c.k.m.UsageMessageSerializer [main] Serializing...
2023-08-10 13:26:34,325 INFO c.i.i.c.k.c.PublisherController [main] Producer created.
2023-08-10 13:26:35,131 INFO c.i.i.c.k.m.UsageMessageSerializer [main] Serializing...
2023-08-10 13:28:23,728 INFO c.i.i.c.k.c.PublisherController [main] Producer created.
2023-08-10 13:28:24,492 INFO c.i.i.c.k.m.UsageMessageSerializer [main] Serializing...
2023-08-10 14:26:44,477 INFO c.i.i.c.k.c.PublisherController [main] Producer created.
2023-08-10 14:26:45,295 INFO c.i.i.c.k.m.UsageMessageSerializer [main] Serializing...
2023-08-10 14:26:50,975 INFO c.i.i.c.k.c.PublisherController [main] Producer created.
2023-08-10 14:26:51,706 INFO c.i.i.c.k.m.UsageMessageSerializer [main] Serializing...
2023-08-10 14:26:52,238 INFO c.i.i.c.k.c.PublisherController [kafka-producer-network-thread | i2iGroup] Message sent: MSISDN:5321234567, Used Amount: 0, Used Service: data, Price: 100, UID: 0, Partition: 0, Offset: 14
2023-08-10 14:26:52,774 INFO c.i.i.c.k.c.PublisherController [main] Producer created.
2023-08-10 14:26:53,226 INFO c.i.i.c.k.m.UsageMessageSerializer [main] Serializing...
2023-08-10 14:26:53,683 INFO c.i.i.c.k.c.PublisherController [kafka-producer-network-thread | i2iGroup] Message sent: MSISDN:5321234567, Used Amount: 10, Used Service: data, Price: 100, UID: 1, Partition: 0, Offset: 15
2023-08-10 14:26:54,240 INFO c.i.i.c.k.c.PublisherController [main] Producer created.
2023-08-10 14:26:54,731 INFO c.i.i.c.k.m.UsageMessageSerializer [main] Serializing...
2023-08-10 14:26:55,187 INFO c.i.i.c.k.c.PublisherController [kafka-producer-network-thread | i2iGroup] Message sent: MSISDN:5321234567, Used Amount: 20, Used Service: data, Price: 100, UID: 2, Partition: 0, Offset: 16
2023-08-10 14:26:55,750 INFO c.i.i.c.k.c.PublisherController [main] Producer created.
2023-08-10 14:26:56,237 INFO c.i.i.c.k.m.UsageMessageSerializer [main] Serializing...
2023-08-10 14:26:56,691 INFO c.i.i.c.k.c.PublisherController [kafka-producer-network-thread | i2iGroup] Message sent: MSISDN:5321234567, Used Amount: 30, Used Service: data, Price: 100, UID: 3, Partition: 0, Offset: 17
2023-08-10 17:59:48,530 INFO c.i.i.c.k.c.PublisherController [main] Producer created.
2023-08-10 17:59:49,277 INFO c.i.i.c.k.m.UsageMessageSerializer [main] Serializing...
2023-08-10 17:59:49,810 INFO c.i.i.c.k.c.PublisherController [kafka-producer-network-thread | i2iGroup] Message sent: MSISDN:65655, Used Amount: 455, Used Service: 56, Price: 0, UID: 65, Partition: 0, Offset: 316
2023-08-10 18:00:30,723 INFO c.i.i.c.k.c.PublisherController [main] Producer created.
2023-08-10 18:00:31,508 INFO c.i.i.c.k.m.UsageMessageSerializer [main] Serializing...
2023-08-10 18:00:32,044 INFO c.i.i.c.k.c.PublisherController [kafka-producer-network-thread | i2iGroup] Message sent: MSISDN:65655, Used Amount: 455, Used Service: 56, Price: 0, UID: 65, Partition: 0, Offset: 317
2023-08-10 18:04:07,203 INFO c.i.i.c.k.c.PublisherController [main] Producer created.
2023-08-10 18:04:07,957 INFO c.i.i.c.k.m.UsageMessageSerializer [main] Serializing...
2023-08-10 18:04:08,503 INFO c.i.i.c.k.c.PublisherController [kafka-producer-network-thread | i2iGroup] Message sent: MSISDN:3456734, Used Amount: 76, Used Service: voice, Price: 0, UID: 76, Partition: 0, Offset: 318
